[1.126s] Invoking command in '/home/harsh/ROS-LEARN/build/py_pubsub': PYTHONPATH=/home/harsh/ROS-LEARN/build/py_pubsub/prefix_override:/usr/lib/python3/dist-packages/colcon_core/task/python/colcon_distutils_commands:/home/harsh/ROS-LEARN/install/py_pubsub/lib/python3.10/site-packages:${PYTHONPATH} /usr/bin/python3 -W ignore:setup.py install is deprecated -W ignore:easy_install command is deprecated setup.py develop --editable --build-directory /home/harsh/ROS-LEARN/build/py_pubsub/build --no-deps symlink_data
[1.363s] running develop
[1.491s] running egg_info
[1.491s] creating py_pubsub.egg-info
[1.492s] writing py_pubsub.egg-info/PKG-INFO
[1.492s] writing dependency_links to py_pubsub.egg-info/dependency_links.txt
[1.492s] writing entry points to py_pubsub.egg-info/entry_points.txt
[1.493s] writing requirements to py_pubsub.egg-info/requires.txt
[1.493s] writing top-level names to py_pubsub.egg-info/top_level.txt
[1.493s] writing manifest file 'py_pubsub.egg-info/SOURCES.txt'
[1.493s] reading manifest file 'py_pubsub.egg-info/SOURCES.txt'
[1.494s] writing manifest file 'py_pubsub.egg-info/SOURCES.txt'
[1.494s] running build_ext
[1.494s] Creating /home/harsh/ROS-LEARN/install/py_pubsub/lib/python3.10/site-packages/py-pubsub.egg-link (link to .)
[1.495s] Installing talker script to /home/harsh/ROS-LEARN/install/py_pubsub/lib/py_pubsub
[1.496s] 
[1.496s] Installed /home/harsh/ROS-LEARN/build/py_pubsub
[1.497s] running symlink_data
[1.497s] creating /home/harsh/ROS-LEARN/install/py_pubsub/share/ament_index
[1.497s] creating /home/harsh/ROS-LEARN/install/py_pubsub/share/ament_index/resource_index
[1.497s] creating /home/harsh/ROS-LEARN/install/py_pubsub/share/ament_index/resource_index/packages
[1.497s] symbolically linking /home/harsh/ROS-LEARN/build/py_pubsub/resource/py_pubsub -> /home/harsh/ROS-LEARN/install/py_pubsub/share/ament_index/resource_index/packages
[1.497s] symbolically linking /home/harsh/ROS-LEARN/build/py_pubsub/package.xml -> /home/harsh/ROS-LEARN/install/py_pubsub/share/py_pubsub
[1.523s] Invoked command in '/home/harsh/ROS-LEARN/build/py_pubsub' returned '0': PYTHONPATH=/home/harsh/ROS-LEARN/build/py_pubsub/prefix_override:/usr/lib/python3/dist-packages/colcon_core/task/python/colcon_distutils_commands:/home/harsh/ROS-LEARN/install/py_pubsub/lib/python3.10/site-packages:${PYTHONPATH} /usr/bin/python3 -W ignore:setup.py install is deprecated -W ignore:easy_install command is deprecated setup.py develop --editable --build-directory /home/harsh/ROS-LEARN/build/py_pubsub/build --no-deps symlink_data
