[1.016s] Invoking command in '/home/harsh/ROS-LEARN/build/Hello_World': PYTHONPATH=/home/harsh/ROS-LEARN/build/Hello_World/prefix_override:/usr/lib/python3/dist-packages/colcon_core/task/python/colcon_distutils_commands:/home/harsh/ROS-LEARN/install/Hello_World/lib/python3.10/site-packages:${PYTHONPATH} /usr/bin/python3 -W ignore:setup.py install is deprecated -W ignore:easy_install command is deprecated setup.py develop --editable --build-directory /home/harsh/ROS-LEARN/build/Hello_World/build --no-deps symlink_data
[1.280s] running develop
[1.427s] running egg_info
[1.427s] creating Hello_World.egg-info
[1.427s] writing Hello_World.egg-info/PKG-INFO
[1.427s] writing dependency_links to Hello_World.egg-info/dependency_links.txt
[1.427s] writing entry points to Hello_World.egg-info/entry_points.txt
[1.427s] writing requirements to Hello_World.egg-info/requires.txt
[1.428s] writing top-level names to Hello_World.egg-info/top_level.txt
[1.428s] writing manifest file 'Hello_World.egg-info/SOURCES.txt'
[1.429s] reading manifest file 'Hello_World.egg-info/SOURCES.txt'
[1.430s] writing manifest file 'Hello_World.egg-info/SOURCES.txt'
[1.431s] running build_ext
[1.431s] Creating /home/harsh/ROS-LEARN/install/Hello_World/lib/python3.10/site-packages/Hello-World.egg-link (link to .)
[1.432s] Installing hello_world_node script to /home/harsh/ROS-LEARN/install/Hello_World/lib/Hello_World
[1.432s] 
[1.432s] Installed /home/harsh/ROS-LEARN/build/Hello_World
[1.432s] running symlink_data
[1.432s] creating /home/harsh/ROS-LEARN/install/Hello_World/share/ament_index
[1.433s] creating /home/harsh/ROS-LEARN/install/Hello_World/share/ament_index/resource_index
[1.433s] creating /home/harsh/ROS-LEARN/install/Hello_World/share/ament_index/resource_index/packages
[1.433s] symbolically linking /home/harsh/ROS-LEARN/build/Hello_World/resource/Hello_World -> /home/harsh/ROS-LEARN/install/Hello_World/share/ament_index/resource_index/packages
[1.433s] symbolically linking /home/harsh/ROS-LEARN/build/Hello_World/package.xml -> /home/harsh/ROS-LEARN/install/Hello_World/share/Hello_World
[1.471s] Invoked command in '/home/harsh/ROS-LEARN/build/Hello_World' returned '0': PYTHONPATH=/home/harsh/ROS-LEARN/build/Hello_World/prefix_override:/usr/lib/python3/dist-packages/colcon_core/task/python/colcon_distutils_commands:/home/harsh/ROS-LEARN/install/Hello_World/lib/python3.10/site-packages:${PYTHONPATH} /usr/bin/python3 -W ignore:setup.py install is deprecated -W ignore:easy_install command is deprecated setup.py develop --editable --build-directory /home/harsh/ROS-LEARN/build/Hello_World/build --no-deps symlink_data
