[1.378s] Invoking command in '/home/harsh/ROS-LEARN/build/py_srvcli': PYTHONPATH=/home/harsh/ROS-LEARN/build/py_srvcli/prefix_override:/usr/lib/python3/dist-packages/colcon_core/task/python/colcon_distutils_commands:/home/harsh/ROS-LEARN/install/py_srvcli/lib/python3.10/site-packages:${PYTHONPATH} /usr/bin/python3 -W ignore:setup.py install is deprecated -W ignore:easy_install command is deprecated setup.py develop --editable --build-directory /home/harsh/ROS-LEARN/build/py_srvcli/build --no-deps symlink_data
[1.612s] running develop
[1.746s] running egg_info
[1.749s] creating py_srvcli.egg-info
[1.749s] writing py_srvcli.egg-info/PKG-INFO
[1.749s] writing dependency_links to py_srvcli.egg-info/dependency_links.txt
[1.751s] writing entry points to py_srvcli.egg-info/entry_points.txt
[1.751s] writing requirements to py_srvcli.egg-info/requires.txt
[1.751s] writing top-level names to py_srvcli.egg-info/top_level.txt
[1.751s] writing manifest file 'py_srvcli.egg-info/SOURCES.txt'
[1.751s] reading manifest file 'py_srvcli.egg-info/SOURCES.txt'
[1.755s] writing manifest file 'py_srvcli.egg-info/SOURCES.txt'
[1.757s] running build_ext
[1.758s] Creating /home/harsh/ROS-LEARN/install/py_srvcli/lib/python3.10/site-packages/py-srvcli.egg-link (link to .)
[1.758s] Installing client script to /home/harsh/ROS-LEARN/install/py_srvcli/lib/py_srvcli
[1.758s] Installing service script to /home/harsh/ROS-LEARN/install/py_srvcli/lib/py_srvcli
[1.758s] 
[1.758s] Installed /home/harsh/ROS-LEARN/build/py_srvcli
[1.758s] running symlink_data
[1.758s] creating /home/harsh/ROS-LEARN/install/py_srvcli/share/ament_index
[1.758s] creating /home/harsh/ROS-LEARN/install/py_srvcli/share/ament_index/resource_index
[1.758s] creating /home/harsh/ROS-LEARN/install/py_srvcli/share/ament_index/resource_index/packages
[1.758s] symbolically linking /home/harsh/ROS-LEARN/build/py_srvcli/resource/py_srvcli -> /home/harsh/ROS-LEARN/install/py_srvcli/share/ament_index/resource_index/packages
[1.758s] symbolically linking /home/harsh/ROS-LEARN/build/py_srvcli/package.xml -> /home/harsh/ROS-LEARN/install/py_srvcli/share/py_srvcli
[1.815s] Invoked command in '/home/harsh/ROS-LEARN/build/py_srvcli' returned '0': PYTHONPATH=/home/harsh/ROS-LEARN/build/py_srvcli/prefix_override:/usr/lib/python3/dist-packages/colcon_core/task/python/colcon_distutils_commands:/home/harsh/ROS-LEARN/install/py_srvcli/lib/python3.10/site-packages:${PYTHONPATH} /usr/bin/python3 -W ignore:setup.py install is deprecated -W ignore:easy_install command is deprecated setup.py develop --editable --build-directory /home/harsh/ROS-LEARN/build/py_srvcli/build --no-deps symlink_data
